2024-09-19 18:10:50,956 CRIT Supervisor is running as root.  Privileges were not dropped because no user is specified in the config file.  If you intend to run as root, you can set user=root in the config file to avoid this message.
2024-09-19 18:10:50,959 INFO supervisord started with pid 1
2024-09-19 18:10:51,961 INFO spawned: 'laravel-worker_00' with pid 7
2024-09-19 18:10:52,991 INFO success: laravel-worker_00 entered RUNNING state, process has stayed up for > than 1 seconds (startsecs)
2024-09-19 18:10:52,991 WARN exited: laravel-worker_00 (exit status 1; not expected)
2024-09-19 18:10:53,993 INFO spawned: 'laravel-worker_00' with pid 8
2024-09-19 18:10:55,027 INFO success: laravel-worker_00 entered RUNNING state, process has stayed up for > than 1 seconds (startsecs)
2024-09-19 18:10:55,028 WARN exited: laravel-worker_00 (exit status 1; not expected)
2024-09-19 18:10:56,032 INFO spawned: 'laravel-worker_00' with pid 9
2024-09-19 18:10:57,073 INFO success: laravel-worker_00 entered RUNNING state, process has stayed up for > than 1 seconds (startsecs)
2024-09-19 18:10:57,073 WARN exited: laravel-worker_00 (exit status 1; not expected)
2024-09-19 18:10:58,075 INFO spawned: 'laravel-worker_00' with pid 10
2024-09-19 18:10:59,113 INFO success: laravel-worker_00 entered RUNNING state, process has stayed up for > than 1 seconds (startsecs)
2024-09-19 18:10:59,113 WARN exited: laravel-worker_00 (exit status 1; not expected)
2024-09-19 18:11:00,117 INFO spawned: 'laravel-worker_00' with pid 11
2024-09-19 18:11:01,148 INFO success: laravel-worker_00 entered RUNNING state, process has stayed up for > than 1 seconds (startsecs)
2024-09-19 18:11:01,148 WARN exited: laravel-worker_00 (exit status 1; not expected)
2024-09-19 18:11:02,151 INFO spawned: 'laravel-worker_00' with pid 12
2024-09-19 18:11:03,180 INFO success: laravel-worker_00 entered RUNNING state, process has stayed up for > than 1 seconds (startsecs)
2024-09-19 18:11:03,180 WARN exited: laravel-worker_00 (exit status 1; not expected)
2024-09-19 18:11:04,184 INFO spawned: 'laravel-worker_00' with pid 19
2024-09-19 18:11:05,221 INFO success: laravel-worker_00 entered RUNNING state, process has stayed up for > than 1 seconds (startsecs)
2024-09-19 18:11:05,221 WARN exited: laravel-worker_00 (exit status 1; not expected)
2024-09-19 18:11:06,224 INFO spawned: 'laravel-worker_00' with pid 21
2024-09-19 18:11:07,267 INFO success: laravel-worker_00 entered RUNNING state, process has stayed up for > than 1 seconds (startsecs)
2024-09-19 18:11:07,268 WARN exited: laravel-worker_00 (exit status 1; not expected)
2024-09-19 18:11:08,271 INFO spawned: 'laravel-worker_00' with pid 22
2024-09-19 18:11:09,311 INFO success: laravel-worker_00 entered RUNNING state, process has stayed up for > than 1 seconds (startsecs)
2024-09-19 18:11:09,311 WARN exited: laravel-worker_00 (exit status 1; not expected)
2024-09-19 18:11:10,316 INFO spawned: 'laravel-worker_00' with pid 23
2024-09-19 18:11:11,357 INFO success: laravel-worker_00 entered RUNNING state, process has stayed up for > than 1 seconds (startsecs)
2024-09-19 18:11:11,357 WARN exited: laravel-worker_00 (exit status 1; not expected)
2024-09-19 18:11:12,362 INFO spawned: 'laravel-worker_00' with pid 24
2024-09-19 18:11:13,403 INFO success: laravel-worker_00 entered RUNNING state, process has stayed up for > than 1 seconds (startsecs)
2024-09-19 18:11:13,404 WARN exited: laravel-worker_00 (exit status 1; not expected)
2024-09-19 18:11:14,407 INFO spawned: 'laravel-worker_00' with pid 25
2024-09-19 18:11:15,440 INFO success: laravel-worker_00 entered RUNNING state, process has stayed up for > than 1 seconds (startsecs)
2024-09-19 18:11:15,440 WARN exited: laravel-worker_00 (exit status 1; not expected)
2024-09-19 18:11:16,444 INFO spawned: 'laravel-worker_00' with pid 26
2024-09-19 18:11:17,485 INFO success: laravel-worker_00 entered RUNNING state, process has stayed up for > than 1 seconds (startsecs)
2024-09-19 18:11:17,486 WARN exited: laravel-worker_00 (exit status 1; not expected)
2024-09-19 18:11:18,491 INFO spawned: 'laravel-worker_00' with pid 27
2024-09-19 18:11:19,524 INFO success: laravel-worker_00 entered RUNNING state, process has stayed up for > than 1 seconds (startsecs)
2024-09-19 18:11:19,524 WARN exited: laravel-worker_00 (exit status 1; not expected)
2024-09-19 18:11:20,529 INFO spawned: 'laravel-worker_00' with pid 28
2024-09-19 18:11:21,564 INFO success: laravel-worker_00 entered RUNNING state, process has stayed up for > than 1 seconds (startsecs)
2024-09-19 18:11:21,564 WARN exited: laravel-worker_00 (exit status 1; not expected)
2024-09-19 18:11:22,569 INFO spawned: 'laravel-worker_00' with pid 35
2024-09-19 18:11:23,611 INFO success: laravel-worker_00 entered RUNNING state, process has stayed up for > than 1 seconds (startsecs)
2024-09-19 18:11:23,612 WARN exited: laravel-worker_00 (exit status 1; not expected)
2024-09-19 18:11:24,618 INFO spawned: 'laravel-worker_00' with pid 36
2024-09-19 18:11:25,656 INFO success: laravel-worker_00 entered RUNNING state, process has stayed up for > than 1 seconds (startsecs)
2024-09-19 18:11:25,656 WARN exited: laravel-worker_00 (exit status 1; not expected)
2024-09-19 18:11:26,660 INFO spawned: 'laravel-worker_00' with pid 37
2024-09-19 18:11:27,700 INFO success: laravel-worker_00 entered RUNNING state, process has stayed up for > than 1 seconds (startsecs)
2024-09-19 18:11:27,701 WARN exited: laravel-worker_00 (exit status 1; not expected)
2024-09-19 18:11:28,705 INFO spawned: 'laravel-worker_00' with pid 38
2024-09-19 18:11:29,738 INFO success: laravel-worker_00 entered RUNNING state, process has stayed up for > than 1 seconds (startsecs)
2024-09-19 18:11:29,738 WARN exited: laravel-worker_00 (exit status 1; not expected)
2024-09-19 18:11:30,746 INFO spawned: 'laravel-worker_00' with pid 39
2024-09-19 18:11:31,787 INFO success: laravel-worker_00 entered RUNNING state, process has stayed up for > than 1 seconds (startsecs)
2024-09-19 18:11:31,787 WARN exited: laravel-worker_00 (exit status 1; not expected)
2024-09-19 18:11:32,792 INFO spawned: 'laravel-worker_00' with pid 40
2024-09-19 18:11:33,832 INFO success: laravel-worker_00 entered RUNNING state, process has stayed up for > than 1 seconds (startsecs)
2024-09-19 18:11:33,833 WARN exited: laravel-worker_00 (exit status 1; not expected)
2024-09-19 18:11:34,839 INFO spawned: 'laravel-worker_00' with pid 41
2024-09-19 18:11:35,881 INFO success: laravel-worker_00 entered RUNNING state, process has stayed up for > than 1 seconds (startsecs)
2024-09-19 18:11:35,881 WARN exited: laravel-worker_00 (exit status 1; not expected)
2024-09-19 18:11:36,887 INFO spawned: 'laravel-worker_00' with pid 42
2024-09-19 18:11:37,927 INFO success: laravel-worker_00 entered RUNNING state, process has stayed up for > than 1 seconds (startsecs)
2024-09-19 18:11:37,928 WARN exited: laravel-worker_00 (exit status 1; not expected)
2024-09-19 18:11:38,936 INFO spawned: 'laravel-worker_00' with pid 43
2024-09-19 18:11:39,977 INFO success: laravel-worker_00 entered RUNNING state, process has stayed up for > than 1 seconds (startsecs)
2024-09-19 18:11:39,977 WARN exited: laravel-worker_00 (exit status 1; not expected)
2024-09-19 18:11:40,981 INFO spawned: 'laravel-worker_00' with pid 44
2024-09-19 18:11:42,013 INFO success: laravel-worker_00 entered RUNNING state, process has stayed up for > than 1 seconds (startsecs)
2024-09-19 18:11:42,013 WARN exited: laravel-worker_00 (exit status 1; not expected)
2024-09-19 18:11:43,016 INFO spawned: 'laravel-worker_00' with pid 45
2024-09-19 18:11:44,077 INFO success: laravel-worker_00 entered RUNNING state, process has stayed up for > than 1 seconds (startsecs)
2024-09-19 18:11:44,077 WARN exited: laravel-worker_00 (exit status 1; not expected)
2024-09-19 18:11:45,081 INFO spawned: 'laravel-worker_00' with pid 46
2024-09-19 18:11:46,122 INFO success: laravel-worker_00 entered RUNNING state, process has stayed up for > than 1 seconds (startsecs)
2024-09-19 18:11:46,122 WARN exited: laravel-worker_00 (exit status 1; not expected)
2024-09-19 18:11:47,126 INFO spawned: 'laravel-worker_00' with pid 47
2024-09-19 18:11:48,172 INFO success: laravel-worker_00 entered RUNNING state, process has stayed up for > than 1 seconds (startsecs)
2024-09-19 18:11:48,172 WARN exited: laravel-worker_00 (exit status 1; not expected)
2024-09-19 18:11:49,176 INFO spawned: 'laravel-worker_00' with pid 48
2024-09-19 18:11:50,230 INFO success: laravel-worker_00 entered RUNNING state, process has stayed up for > than 1 seconds (startsecs)
2024-09-19 18:11:50,230 WARN exited: laravel-worker_00 (exit status 1; not expected)
2024-09-19 18:11:51,232 INFO spawned: 'laravel-worker_00' with pid 55
2024-09-19 18:11:52,270 INFO success: laravel-worker_00 entered RUNNING state, process has stayed up for > than 1 seconds (startsecs)
2024-09-19 18:11:52,271 WARN exited: laravel-worker_00 (exit status 1; not expected)
2024-09-19 18:11:53,273 INFO spawned: 'laravel-worker_00' with pid 56
2024-09-19 18:11:54,325 INFO success: laravel-worker_00 entered RUNNING state, process has stayed up for > than 1 seconds (startsecs)
2024-09-19 18:11:54,325 WARN exited: laravel-worker_00 (exit status 1; not expected)
2024-09-19 18:11:55,328 INFO spawned: 'laravel-worker_00' with pid 57
2024-09-19 18:11:56,370 INFO success: laravel-worker_00 entered RUNNING state, process has stayed up for > than 1 seconds (startsecs)
2024-09-19 18:11:56,370 WARN exited: laravel-worker_00 (exit status 1; not expected)
2024-09-19 18:11:57,374 INFO spawned: 'laravel-worker_00' with pid 58
2024-09-19 18:11:58,413 INFO success: laravel-worker_00 entered RUNNING state, process has stayed up for > than 1 seconds (startsecs)
2024-09-19 18:11:58,413 WARN exited: laravel-worker_00 (exit status 1; not expected)
2024-09-19 18:11:59,416 INFO spawned: 'laravel-worker_00' with pid 59
2024-09-19 18:12:00,456 INFO success: laravel-worker_00 entered RUNNING state, process has stayed up for > than 1 seconds (startsecs)
2024-09-19 18:12:00,457 WARN exited: laravel-worker_00 (exit status 1; not expected)
2024-09-19 18:12:01,460 INFO spawned: 'laravel-worker_00' with pid 60
2024-09-19 18:12:02,501 INFO success: laravel-worker_00 entered RUNNING state, process has stayed up for > than 1 seconds (startsecs)
2024-09-19 18:12:02,501 WARN exited: laravel-worker_00 (exit status 1; not expected)
2024-09-19 18:12:03,505 INFO spawned: 'laravel-worker_00' with pid 61
2024-09-19 18:12:04,546 INFO success: laravel-worker_00 entered RUNNING state, process has stayed up for > than 1 seconds (startsecs)
2024-09-19 18:12:04,546 WARN exited: laravel-worker_00 (exit status 1; not expected)
2024-09-19 18:12:05,550 INFO spawned: 'laravel-worker_00' with pid 62
2024-09-19 18:12:06,592 INFO success: laravel-worker_00 entered RUNNING state, process has stayed up for > than 1 seconds (startsecs)
2024-09-19 18:12:06,592 WARN exited: laravel-worker_00 (exit status 1; not expected)
2024-09-19 18:12:07,596 INFO spawned: 'laravel-worker_00' with pid 63
2024-09-19 18:12:08,627 INFO success: laravel-worker_00 entered RUNNING state, process has stayed up for > than 1 seconds (startsecs)
2024-09-19 18:12:08,627 WARN exited: laravel-worker_00 (exit status 1; not expected)
2024-09-19 18:12:09,632 INFO spawned: 'laravel-worker_00' with pid 64
2024-09-19 18:12:10,679 INFO success: laravel-worker_00 entered RUNNING state, process has stayed up for > than 1 seconds (startsecs)
2024-09-19 18:12:10,679 WARN exited: laravel-worker_00 (exit status 1; not expected)
2024-09-19 18:12:11,683 INFO spawned: 'laravel-worker_00' with pid 65
2024-09-19 18:12:12,723 INFO success: laravel-worker_00 entered RUNNING state, process has stayed up for > than 1 seconds (startsecs)
2024-09-19 18:12:12,723 WARN exited: laravel-worker_00 (exit status 1; not expected)
2024-09-19 18:12:13,727 INFO spawned: 'laravel-worker_00' with pid 66
2024-09-19 18:12:14,767 INFO success: laravel-worker_00 entered RUNNING state, process has stayed up for > than 1 seconds (startsecs)
2024-09-19 18:12:14,768 WARN exited: laravel-worker_00 (exit status 1; not expected)
2024-09-19 18:12:15,771 INFO spawned: 'laravel-worker_00' with pid 67
2024-09-19 18:12:16,814 INFO success: laravel-worker_00 entered RUNNING state, process has stayed up for > than 1 seconds (startsecs)
2024-09-19 18:12:16,814 WARN exited: laravel-worker_00 (exit status 1; not expected)
2024-09-19 18:12:17,817 INFO spawned: 'laravel-worker_00' with pid 68
2024-09-19 18:12:18,865 INFO success: laravel-worker_00 entered RUNNING state, process has stayed up for > than 1 seconds (startsecs)
2024-09-19 18:12:18,866 WARN exited: laravel-worker_00 (exit status 1; not expected)
2024-09-19 18:12:19,870 INFO spawned: 'laravel-worker_00' with pid 69
2024-09-19 18:12:20,917 INFO success: laravel-worker_00 entered RUNNING state, process has stayed up for > than 1 seconds (startsecs)
2024-09-19 18:12:20,917 WARN exited: laravel-worker_00 (exit status 1; not expected)
2024-09-19 18:12:21,922 INFO spawned: 'laravel-worker_00' with pid 76
2024-09-19 18:12:22,988 INFO success: laravel-worker_00 entered RUNNING state, process has stayed up for > than 1 seconds (startsecs)
2024-09-19 18:12:22,988 WARN exited: laravel-worker_00 (exit status 1; not expected)
2024-09-19 18:12:23,993 INFO spawned: 'laravel-worker_00' with pid 77
2024-09-19 18:12:25,041 INFO success: laravel-worker_00 entered RUNNING state, process has stayed up for > than 1 seconds (startsecs)
2024-09-19 18:12:25,041 WARN exited: laravel-worker_00 (exit status 1; not expected)
2024-09-19 18:12:26,044 INFO spawned: 'laravel-worker_00' with pid 78
2024-09-19 18:12:27,109 INFO success: laravel-worker_00 entered RUNNING state, process has stayed up for > than 1 seconds (startsecs)
2024-09-19 18:12:27,109 WARN exited: laravel-worker_00 (exit status 1; not expected)
2024-09-19 18:12:28,113 INFO spawned: 'laravel-worker_00' with pid 79
2024-09-19 18:12:29,156 INFO success: laravel-worker_00 entered RUNNING state, process has stayed up for > than 1 seconds (startsecs)
2024-09-19 18:12:29,156 WARN exited: laravel-worker_00 (exit status 1; not expected)
2024-09-19 18:12:30,160 INFO spawned: 'laravel-worker_00' with pid 80
2024-09-19 18:12:31,199 INFO success: laravel-worker_00 entered RUNNING state, process has stayed up for > than 1 seconds (startsecs)
2024-09-19 18:12:31,199 WARN exited: laravel-worker_00 (exit status 1; not expected)
2024-09-19 18:12:32,203 INFO spawned: 'laravel-worker_00' with pid 81
2024-09-19 18:12:33,247 INFO success: laravel-worker_00 entered RUNNING state, process has stayed up for > than 1 seconds (startsecs)
2024-09-19 18:12:33,247 WARN exited: laravel-worker_00 (exit status 1; not expected)
2024-09-19 18:12:34,251 INFO spawned: 'laravel-worker_00' with pid 82
2024-09-19 18:12:35,291 INFO success: laravel-worker_00 entered RUNNING state, process has stayed up for > than 1 seconds (startsecs)
2024-09-19 18:12:35,291 WARN exited: laravel-worker_00 (exit status 1; not expected)
2024-09-19 18:12:36,294 INFO spawned: 'laravel-worker_00' with pid 83
2024-09-19 18:12:37,344 INFO success: laravel-worker_00 entered RUNNING state, process has stayed up for > than 1 seconds (startsecs)
2024-09-19 18:12:37,344 WARN exited: laravel-worker_00 (exit status 1; not expected)
2024-09-19 18:12:38,348 INFO spawned: 'laravel-worker_00' with pid 84
2024-09-19 18:12:39,387 INFO success: laravel-worker_00 entered RUNNING state, process has stayed up for > than 1 seconds (startsecs)
2024-09-19 18:12:39,387 WARN exited: laravel-worker_00 (exit status 1; not expected)
2024-09-19 18:12:40,390 INFO spawned: 'laravel-worker_00' with pid 85
2024-09-19 18:12:41,429 INFO success: laravel-worker_00 entered RUNNING state, process has stayed up for > than 1 seconds (startsecs)
2024-09-19 18:12:41,429 WARN exited: laravel-worker_00 (exit status 1; not expected)
2024-09-19 18:12:42,432 INFO spawned: 'laravel-worker_00' with pid 86
2024-09-19 18:12:43,473 INFO success: laravel-worker_00 entered RUNNING state, process has stayed up for > than 1 seconds (startsecs)
2024-09-19 18:12:43,473 WARN exited: laravel-worker_00 (exit status 1; not expected)
2024-09-19 18:12:44,477 INFO spawned: 'laravel-worker_00' with pid 87
2024-09-19 18:12:45,517 INFO success: laravel-worker_00 entered RUNNING state, process has stayed up for > than 1 seconds (startsecs)
2024-09-19 18:12:45,517 WARN exited: laravel-worker_00 (exit status 1; not expected)
2024-09-19 18:12:46,521 INFO spawned: 'laravel-worker_00' with pid 88
2024-09-19 18:12:47,559 INFO success: laravel-worker_00 entered RUNNING state, process has stayed up for > than 1 seconds (startsecs)
2024-09-19 18:12:47,559 WARN exited: laravel-worker_00 (exit status 1; not expected)
2024-09-19 18:12:48,564 INFO spawned: 'laravel-worker_00' with pid 89
2024-09-19 18:12:49,604 INFO success: laravel-worker_00 entered RUNNING state, process has stayed up for > than 1 seconds (startsecs)
2024-09-19 18:12:49,604 WARN exited: laravel-worker_00 (exit status 1; not expected)
2024-09-19 18:12:50,608 INFO spawned: 'laravel-worker_00' with pid 90
2024-09-19 18:12:51,651 INFO success: laravel-worker_00 entered RUNNING state, process has stayed up for > than 1 seconds (startsecs)
2024-09-19 18:12:51,651 WARN exited: laravel-worker_00 (exit status 1; not expected)
2024-09-19 18:12:52,656 INFO spawned: 'laravel-worker_00' with pid 97
2024-09-19 18:12:53,709 INFO success: laravel-worker_00 entered RUNNING state, process has stayed up for > than 1 seconds (startsecs)
2024-09-19 18:12:53,710 WARN exited: laravel-worker_00 (exit status 1; not expected)
2024-09-19 18:12:54,716 INFO spawned: 'laravel-worker_00' with pid 98
2024-09-19 18:12:55,754 INFO success: laravel-worker_00 entered RUNNING state, process has stayed up for > than 1 seconds (startsecs)
2024-09-19 18:12:55,755 WARN exited: laravel-worker_00 (exit status 1; not expected)
2024-09-19 18:12:56,758 INFO spawned: 'laravel-worker_00' with pid 99
2024-09-19 18:12:57,797 INFO success: laravel-worker_00 entered RUNNING state, process has stayed up for > than 1 seconds (startsecs)
2024-09-19 18:12:57,798 WARN exited: laravel-worker_00 (exit status 1; not expected)
2024-09-19 18:12:58,803 INFO spawned: 'laravel-worker_00' with pid 100
2024-09-19 18:12:59,838 INFO success: laravel-worker_00 entered RUNNING state, process has stayed up for > than 1 seconds (startsecs)
2024-09-19 18:12:59,839 WARN exited: laravel-worker_00 (exit status 1; not expected)
2024-09-19 18:13:00,843 INFO spawned: 'laravel-worker_00' with pid 101
2024-09-19 18:13:01,874 INFO success: laravel-worker_00 entered RUNNING state, process has stayed up for > than 1 seconds (startsecs)
2024-09-19 18:13:01,875 WARN exited: laravel-worker_00 (exit status 1; not expected)
2024-09-19 18:13:02,880 INFO spawned: 'laravel-worker_00' with pid 102
2024-09-19 18:13:03,920 INFO success: laravel-worker_00 entered RUNNING state, process has stayed up for > than 1 seconds (startsecs)
2024-09-19 18:13:03,920 WARN exited: laravel-worker_00 (exit status 1; not expected)
2024-09-19 18:13:04,926 INFO spawned: 'laravel-worker_00' with pid 103
2024-09-19 18:13:05,963 INFO success: laravel-worker_00 entered RUNNING state, process has stayed up for > than 1 seconds (startsecs)
2024-09-19 18:13:05,964 WARN exited: laravel-worker_00 (exit status 1; not expected)
2024-09-19 18:13:06,969 INFO spawned: 'laravel-worker_00' with pid 104
2024-09-19 18:13:08,009 INFO success: laravel-worker_00 entered RUNNING state, process has stayed up for > than 1 seconds (startsecs)
2024-09-19 18:13:08,009 WARN exited: laravel-worker_00 (exit status 1; not expected)
2024-09-19 18:13:09,015 INFO spawned: 'laravel-worker_00' with pid 105
2024-09-19 18:13:10,054 INFO success: laravel-worker_00 entered RUNNING state, process has stayed up for > than 1 seconds (startsecs)
2024-09-19 18:13:10,054 WARN exited: laravel-worker_00 (exit status 1; not expected)
2024-09-19 18:13:11,059 INFO spawned: 'laravel-worker_00' with pid 106
2024-09-19 18:13:12,093 INFO success: laravel-worker_00 entered RUNNING state, process has stayed up for > than 1 seconds (startsecs)
2024-09-19 18:13:12,093 WARN exited: laravel-worker_00 (exit status 1; not expected)
2024-09-19 18:13:13,100 INFO spawned: 'laravel-worker_00' with pid 107
2024-09-19 18:13:14,139 INFO success: laravel-worker_00 entered RUNNING state, process has stayed up for > than 1 seconds (startsecs)
2024-09-19 18:13:14,139 WARN exited: laravel-worker_00 (exit status 1; not expected)
2024-09-19 18:13:15,145 INFO spawned: 'laravel-worker_00' with pid 108
2024-09-19 18:13:16,185 INFO success: laravel-worker_00 entered RUNNING state, process has stayed up for > than 1 seconds (startsecs)
2024-09-19 18:13:16,186 WARN exited: laravel-worker_00 (exit status 1; not expected)
2024-09-19 18:13:17,189 INFO spawned: 'laravel-worker_00' with pid 109
2024-09-19 18:13:18,228 INFO success: laravel-worker_00 entered RUNNING state, process has stayed up for > than 1 seconds (startsecs)
2024-09-19 18:13:18,228 WARN exited: laravel-worker_00 (exit status 1; not expected)
2024-09-19 18:13:19,233 INFO spawned: 'laravel-worker_00' with pid 110
2024-09-19 18:13:20,269 INFO success: laravel-worker_00 entered RUNNING state, process has stayed up for > than 1 seconds (startsecs)
2024-09-19 18:13:20,269 WARN exited: laravel-worker_00 (exit status 1; not expected)
2024-09-19 18:13:21,275 INFO spawned: 'laravel-worker_00' with pid 117
2024-09-19 18:13:22,315 INFO success: laravel-worker_00 entered RUNNING state, process has stayed up for > than 1 seconds (startsecs)
2024-09-19 18:13:22,315 WARN exited: laravel-worker_00 (exit status 1; not expected)
2024-09-19 18:13:23,320 INFO spawned: 'laravel-worker_00' with pid 118
2024-09-19 18:13:24,358 INFO success: laravel-worker_00 entered RUNNING state, process has stayed up for > than 1 seconds (startsecs)
2024-09-19 18:13:24,358 WARN exited: laravel-worker_00 (exit status 1; not expected)
2024-09-19 18:13:25,362 INFO spawned: 'laravel-worker_00' with pid 119
2024-09-19 18:13:26,400 INFO success: laravel-worker_00 entered RUNNING state, process has stayed up for > than 1 seconds (startsecs)
2024-09-19 18:13:26,400 WARN exited: laravel-worker_00 (exit status 1; not expected)
2024-09-19 18:13:27,404 INFO spawned: 'laravel-worker_00' with pid 120
2024-09-19 18:13:28,447 INFO success: laravel-worker_00 entered RUNNING state, process has stayed up for > than 1 seconds (startsecs)
2024-09-19 18:13:28,447 WARN exited: laravel-worker_00 (exit status 1; not expected)
2024-09-19 18:13:29,454 INFO spawned: 'laravel-worker_00' with pid 121
2024-09-19 18:13:30,494 INFO success: laravel-worker_00 entered RUNNING state, process has stayed up for > than 1 seconds (startsecs)
2024-09-19 18:13:30,494 WARN exited: laravel-worker_00 (exit status 1; not expected)
2024-09-19 18:13:31,498 INFO spawned: 'laravel-worker_00' with pid 122
2024-09-19 18:13:32,537 INFO success: laravel-worker_00 entered RUNNING state, process has stayed up for > than 1 seconds (startsecs)
2024-09-19 18:13:32,537 WARN exited: laravel-worker_00 (exit status 1; not expected)
2024-09-19 18:13:33,541 INFO spawned: 'laravel-worker_00' with pid 123
2024-09-19 18:13:34,583 INFO success: laravel-worker_00 entered RUNNING state, process has stayed up for > than 1 seconds (startsecs)
2024-09-19 18:13:34,584 WARN exited: laravel-worker_00 (exit status 1; not expected)
2024-09-19 18:13:35,589 INFO spawned: 'laravel-worker_00' with pid 124
2024-09-19 18:13:36,630 INFO success: laravel-worker_00 entered RUNNING state, process has stayed up for > than 1 seconds (startsecs)
2024-09-19 18:13:36,630 WARN exited: laravel-worker_00 (exit status 1; not expected)
2024-09-19 18:13:37,635 INFO spawned: 'laravel-worker_00' with pid 125
2024-09-19 18:13:38,674 INFO success: laravel-worker_00 entered RUNNING state, process has stayed up for > than 1 seconds (startsecs)
2024-09-19 18:13:38,674 WARN exited: laravel-worker_00 (exit status 1; not expected)
2024-09-19 18:13:39,677 INFO spawned: 'laravel-worker_00' with pid 126
2024-09-19 18:13:40,720 INFO success: laravel-worker_00 entered RUNNING state, process has stayed up for > than 1 seconds (startsecs)
2024-09-19 18:13:40,720 WARN exited: laravel-worker_00 (exit status 1; not expected)
2024-09-19 18:13:41,722 INFO spawned: 'laravel-worker_00' with pid 127
2024-09-19 18:13:42,765 INFO success: laravel-worker_00 entered RUNNING state, process has stayed up for > than 1 seconds (startsecs)
2024-09-19 18:13:42,765 WARN exited: laravel-worker_00 (exit status 1; not expected)
2024-09-19 18:13:43,771 INFO spawned: 'laravel-worker_00' with pid 128
2024-09-19 18:13:44,803 INFO success: laravel-worker_00 entered RUNNING state, process has stayed up for > than 1 seconds (startsecs)
2024-09-19 18:13:44,803 WARN exited: laravel-worker_00 (exit status 1; not expected)
2024-09-19 18:13:45,807 INFO spawned: 'laravel-worker_00' with pid 129
2024-09-19 18:13:46,845 INFO success: laravel-worker_00 entered RUNNING state, process has stayed up for > than 1 seconds (startsecs)
2024-09-19 18:13:46,845 WARN exited: laravel-worker_00 (exit status 1; not expected)
2024-09-19 18:13:47,850 INFO spawned: 'laravel-worker_00' with pid 130
2024-09-19 18:13:48,921 INFO success: laravel-worker_00 entered RUNNING state, process has stayed up for > than 1 seconds (startsecs)
2024-09-19 18:13:48,922 WARN exited: laravel-worker_00 (exit status 1; not expected)
2024-09-19 18:13:49,925 INFO spawned: 'laravel-worker_00' with pid 131
2024-09-19 18:13:50,962 INFO success: laravel-worker_00 entered RUNNING state, process has stayed up for > than 1 seconds (startsecs)
2024-09-19 18:13:50,962 WARN exited: laravel-worker_00 (exit status 1; not expected)
2024-09-19 18:13:51,966 INFO spawned: 'laravel-worker_00' with pid 138
2024-09-19 18:13:53,006 INFO success: laravel-worker_00 entered RUNNING state, process has stayed up for > than 1 seconds (startsecs)
2024-09-19 18:13:53,006 WARN exited: laravel-worker_00 (exit status 1; not expected)
2024-09-19 18:13:54,011 INFO spawned: 'laravel-worker_00' with pid 139
2024-09-19 18:13:55,048 INFO success: laravel-worker_00 entered RUNNING state, process has stayed up for > than 1 seconds (startsecs)
2024-09-19 18:13:55,048 WARN exited: laravel-worker_00 (exit status 1; not expected)
2024-09-19 18:13:56,053 INFO spawned: 'laravel-worker_00' with pid 140
2024-09-19 18:13:57,097 INFO success: laravel-worker_00 entered RUNNING state, process has stayed up for > than 1 seconds (startsecs)
2024-09-19 18:13:57,098 WARN exited: laravel-worker_00 (exit status 1; not expected)
2024-09-19 18:13:58,101 INFO spawned: 'laravel-worker_00' with pid 141
2024-09-19 18:13:59,141 INFO success: laravel-worker_00 entered RUNNING state, process has stayed up for > than 1 seconds (startsecs)
2024-09-19 18:13:59,141 WARN exited: laravel-worker_00 (exit status 1; not expected)
2024-09-19 18:14:00,143 INFO spawned: 'laravel-worker_00' with pid 142
2024-09-19 18:14:01,173 INFO success: laravel-worker_00 entered RUNNING state, process has stayed up for > than 1 seconds (startsecs)
2024-09-19 18:14:01,173 WARN exited: laravel-worker_00 (exit status 1; not expected)
2024-09-19 18:14:02,176 INFO spawned: 'laravel-worker_00' with pid 143
2024-09-19 18:14:03,217 INFO success: laravel-worker_00 entered RUNNING state, process has stayed up for > than 1 seconds (startsecs)
2024-09-19 18:14:03,217 WARN exited: laravel-worker_00 (exit status 1; not expected)
2024-09-19 18:14:04,222 INFO spawned: 'laravel-worker_00' with pid 144
2024-09-19 18:14:05,262 INFO success: laravel-worker_00 entered RUNNING state, process has stayed up for > than 1 seconds (startsecs)
2024-09-19 18:14:05,262 WARN exited: laravel-worker_00 (exit status 1; not expected)
2024-09-19 18:14:06,266 INFO spawned: 'laravel-worker_00' with pid 145
2024-09-19 18:14:07,304 INFO success: laravel-worker_00 entered RUNNING state, process has stayed up for > than 1 seconds (startsecs)
2024-09-19 18:14:07,305 WARN exited: laravel-worker_00 (exit status 1; not expected)
2024-09-19 18:14:08,309 INFO spawned: 'laravel-worker_00' with pid 146
2024-09-19 18:14:09,347 INFO success: laravel-worker_00 entered RUNNING state, process has stayed up for > than 1 seconds (startsecs)
2024-09-19 18:14:09,348 WARN exited: laravel-worker_00 (exit status 1; not expected)
2024-09-19 18:14:10,352 INFO spawned: 'laravel-worker_00' with pid 147
2024-09-19 18:14:11,398 INFO success: laravel-worker_00 entered RUNNING state, process has stayed up for > than 1 seconds (startsecs)
2024-09-19 18:14:11,399 WARN exited: laravel-worker_00 (exit status 1; not expected)
2024-09-19 18:14:12,402 INFO spawned: 'laravel-worker_00' with pid 148
2024-09-19 18:14:13,434 INFO success: laravel-worker_00 entered RUNNING state, process has stayed up for > than 1 seconds (startsecs)
2024-09-19 18:14:13,435 WARN exited: laravel-worker_00 (exit status 1; not expected)
2024-09-19 18:14:14,441 INFO spawned: 'laravel-worker_00' with pid 149
2024-09-19 18:14:15,479 INFO success: laravel-worker_00 entered RUNNING state, process has stayed up for > than 1 seconds (startsecs)
2024-09-19 18:14:15,479 WARN exited: laravel-worker_00 (exit status 1; not expected)
2024-09-19 18:14:16,482 INFO spawned: 'laravel-worker_00' with pid 150
2024-09-19 18:14:17,523 INFO success: laravel-worker_00 entered RUNNING state, process has stayed up for > than 1 seconds (startsecs)
2024-09-19 18:14:17,524 WARN exited: laravel-worker_00 (exit status 1; not expected)
2024-09-19 18:14:18,528 INFO spawned: 'laravel-worker_00' with pid 151
2024-09-19 18:14:19,566 INFO success: laravel-worker_00 entered RUNNING state, process has stayed up for > than 1 seconds (startsecs)
2024-09-19 18:14:19,566 WARN exited: laravel-worker_00 (exit status 1; not expected)
2024-09-19 18:14:20,571 INFO spawned: 'laravel-worker_00' with pid 152
2024-09-19 18:14:21,609 INFO success: laravel-worker_00 entered RUNNING state, process has stayed up for > than 1 seconds (startsecs)
2024-09-19 18:14:21,610 WARN exited: laravel-worker_00 (exit status 1; not expected)
2024-09-19 18:14:22,616 INFO spawned: 'laravel-worker_00' with pid 159
2024-09-19 18:14:23,654 INFO success: laravel-worker_00 entered RUNNING state, process has stayed up for > than 1 seconds (startsecs)
2024-09-19 18:14:23,655 WARN exited: laravel-worker_00 (exit status 1; not expected)
2024-09-19 18:14:24,660 INFO spawned: 'laravel-worker_00' with pid 160
2024-09-19 18:14:25,700 INFO success: laravel-worker_00 entered RUNNING state, process has stayed up for > than 1 seconds (startsecs)
2024-09-19 18:14:25,700 WARN exited: laravel-worker_00 (exit status 1; not expected)
2024-09-19 18:14:26,702 INFO spawned: 'laravel-worker_00' with pid 161
2024-09-19 18:14:27,743 INFO success: laravel-worker_00 entered RUNNING state, process has stayed up for > than 1 seconds (startsecs)
2024-09-19 18:14:27,743 WARN exited: laravel-worker_00 (exit status 1; not expected)
2024-09-19 18:14:28,747 INFO spawned: 'laravel-worker_00' with pid 162
2024-09-19 18:14:29,786 INFO success: laravel-worker_00 entered RUNNING state, process has stayed up for > than 1 seconds (startsecs)
2024-09-19 18:14:29,786 WARN exited: laravel-worker_00 (exit status 1; not expected)
2024-09-19 18:14:30,791 INFO spawned: 'laravel-worker_00' with pid 163
2024-09-19 18:14:31,833 INFO success: laravel-worker_00 entered RUNNING state, process has stayed up for > than 1 seconds (startsecs)
2024-09-19 18:14:31,833 WARN exited: laravel-worker_00 (exit status 1; not expected)
2024-09-19 18:14:32,836 INFO spawned: 'laravel-worker_00' with pid 164
2024-09-19 18:14:33,866 INFO success: laravel-worker_00 entered RUNNING state, process has stayed up for > than 1 seconds (startsecs)
2024-09-19 18:14:33,867 WARN exited: laravel-worker_00 (exit status 1; not expected)
2024-09-19 18:14:34,870 INFO spawned: 'laravel-worker_00' with pid 165
2024-09-19 18:14:35,902 INFO success: laravel-worker_00 entered RUNNING state, process has stayed up for > than 1 seconds (startsecs)
2024-09-19 18:14:35,903 WARN exited: laravel-worker_00 (exit status 1; not expected)
2024-09-19 18:14:36,909 INFO spawned: 'laravel-worker_00' with pid 166
2024-09-19 18:14:37,947 INFO success: laravel-worker_00 entered RUNNING state, process has stayed up for > than 1 seconds (startsecs)
2024-09-19 18:14:37,948 WARN exited: laravel-worker_00 (exit status 1; not expected)
2024-09-19 18:14:38,950 INFO spawned: 'laravel-worker_00' with pid 167
2024-09-19 18:14:39,985 INFO success: laravel-worker_00 entered RUNNING state, process has stayed up for > than 1 seconds (startsecs)
2024-09-19 18:14:39,986 WARN exited: laravel-worker_00 (exit status 1; not expected)
2024-09-19 18:14:40,992 INFO spawned: 'laravel-worker_00' with pid 168
2024-09-19 18:14:42,031 INFO success: laravel-worker_00 entered RUNNING state, process has stayed up for > than 1 seconds (startsecs)
2024-09-19 18:14:42,032 WARN exited: laravel-worker_00 (exit status 1; not expected)
2024-09-19 18:14:43,037 INFO spawned: 'laravel-worker_00' with pid 169
2024-09-19 18:14:44,076 INFO success: laravel-worker_00 entered RUNNING state, process has stayed up for > than 1 seconds (startsecs)
2024-09-19 18:14:44,076 WARN exited: laravel-worker_00 (exit status 1; not expected)
2024-09-19 18:14:45,081 INFO spawned: 'laravel-worker_00' with pid 170
2024-09-19 18:14:46,120 INFO success: laravel-worker_00 entered RUNNING state, process has stayed up for > than 1 seconds (startsecs)
2024-09-19 18:14:46,120 WARN exited: laravel-worker_00 (exit status 1; not expected)
2024-09-19 18:14:47,126 INFO spawned: 'laravel-worker_00' with pid 171
2024-09-19 18:14:48,166 INFO success: laravel-worker_00 entered RUNNING state, process has stayed up for > than 1 seconds (startsecs)
2024-09-19 18:14:48,166 WARN exited: laravel-worker_00 (exit status 1; not expected)
2024-09-19 18:14:49,171 INFO spawned: 'laravel-worker_00' with pid 172
2024-09-19 18:14:50,211 INFO success: laravel-worker_00 entered RUNNING state, process has stayed up for > than 1 seconds (startsecs)
2024-09-19 18:14:50,211 WARN exited: laravel-worker_00 (exit status 1; not expected)
2024-09-19 18:14:51,215 INFO spawned: 'laravel-worker_00' with pid 173
2024-09-19 18:14:52,258 INFO success: laravel-worker_00 entered RUNNING state, process has stayed up for > than 1 seconds (startsecs)
2024-09-19 18:14:52,258 WARN exited: laravel-worker_00 (exit status 1; not expected)
2024-09-19 18:14:53,261 INFO spawned: 'laravel-worker_00' with pid 180
2024-09-19 18:14:54,300 INFO success: laravel-worker_00 entered RUNNING state, process has stayed up for > than 1 seconds (startsecs)
2024-09-19 18:14:54,300 WARN exited: laravel-worker_00 (exit status 1; not expected)
2024-09-19 18:14:55,304 INFO spawned: 'laravel-worker_00' with pid 181
2024-09-19 18:14:56,342 INFO success: laravel-worker_00 entered RUNNING state, process has stayed up for > than 1 seconds (startsecs)
2024-09-19 18:14:56,342 WARN exited: laravel-worker_00 (exit status 1; not expected)
2024-09-19 18:14:57,348 INFO spawned: 'laravel-worker_00' with pid 182
2024-09-19 18:14:58,392 INFO success: laravel-worker_00 entered RUNNING state, process has stayed up for > than 1 seconds (startsecs)
2024-09-19 18:14:58,392 WARN exited: laravel-worker_00 (exit status 1; not expected)
2024-09-19 18:14:59,397 INFO spawned: 'laravel-worker_00' with pid 183
2024-09-19 18:15:00,435 INFO success: laravel-worker_00 entered RUNNING state, process has stayed up for > than 1 seconds (startsecs)
2024-09-19 18:15:00,436 WARN exited: laravel-worker_00 (exit status 1; not expected)
2024-09-19 18:15:01,439 INFO spawned: 'laravel-worker_00' with pid 184
2024-09-19 18:15:02,479 INFO success: laravel-worker_00 entered RUNNING state, process has stayed up for > than 1 seconds (startsecs)
2024-09-19 18:15:02,479 WARN exited: laravel-worker_00 (exit status 1; not expected)
2024-09-19 18:15:03,484 INFO spawned: 'laravel-worker_00' with pid 185
2024-09-19 18:15:04,520 INFO success: laravel-worker_00 entered RUNNING state, process has stayed up for > than 1 seconds (startsecs)
2024-09-19 18:15:04,520 WARN exited: laravel-worker_00 (exit status 1; not expected)
2024-09-19 18:15:05,526 INFO spawned: 'laravel-worker_00' with pid 186
2024-09-19 18:15:06,565 INFO success: laravel-worker_00 entered RUNNING state, process has stayed up for > than 1 seconds (startsecs)
2024-09-19 18:15:06,566 WARN exited: laravel-worker_00 (exit status 1; not expected)
2024-09-19 18:15:07,570 INFO spawned: 'laravel-worker_00' with pid 187
2024-09-19 18:15:08,609 INFO success: laravel-worker_00 entered RUNNING state, process has stayed up for > than 1 seconds (startsecs)
2024-09-19 18:15:08,610 WARN exited: laravel-worker_00 (exit status 1; not expected)
2024-09-19 18:15:09,616 INFO spawned: 'laravel-worker_00' with pid 188
2024-09-19 18:15:10,654 INFO success: laravel-worker_00 entered RUNNING state, process has stayed up for > than 1 seconds (startsecs)
2024-09-19 18:15:10,654 WARN exited: laravel-worker_00 (exit status 1; not expected)
2024-09-19 18:15:11,659 INFO spawned: 'laravel-worker_00' with pid 189
2024-09-19 18:15:12,698 INFO success: laravel-worker_00 entered RUNNING state, process has stayed up for > than 1 seconds (startsecs)
2024-09-19 18:15:12,698 WARN exited: laravel-worker_00 (exit status 1; not expected)
2024-09-19 18:15:13,702 INFO spawned: 'laravel-worker_00' with pid 190
2024-09-19 18:15:14,745 INFO success: laravel-worker_00 entered RUNNING state, process has stayed up for > than 1 seconds (startsecs)
2024-09-19 18:15:14,746 WARN exited: laravel-worker_00 (exit status 1; not expected)
2024-09-19 18:15:15,749 INFO spawned: 'laravel-worker_00' with pid 191
2024-09-19 18:15:16,779 INFO success: laravel-worker_00 entered RUNNING state, process has stayed up for > than 1 seconds (startsecs)
2024-09-19 18:15:16,779 WARN exited: laravel-worker_00 (exit status 1; not expected)
2024-09-19 18:15:17,785 INFO spawned: 'laravel-worker_00' with pid 192
2024-09-19 18:15:18,823 INFO success: laravel-worker_00 entered RUNNING state, process has stayed up for > than 1 seconds (startsecs)
2024-09-19 18:15:18,823 WARN exited: laravel-worker_00 (exit status 1; not expected)
2024-09-19 18:15:19,827 INFO spawned: 'laravel-worker_00' with pid 193
2024-09-19 18:15:20,870 INFO success: laravel-worker_00 entered RUNNING state, process has stayed up for > than 1 seconds (startsecs)
2024-09-19 18:15:20,870 WARN exited: laravel-worker_00 (exit status 1; not expected)
2024-09-19 18:15:21,876 INFO spawned: 'laravel-worker_00' with pid 200
2024-09-19 18:15:22,918 INFO success: laravel-worker_00 entered RUNNING state, process has stayed up for > than 1 seconds (startsecs)
2024-09-19 18:15:22,918 WARN exited: laravel-worker_00 (exit status 1; not expected)
2024-09-19 18:15:23,922 INFO spawned: 'laravel-worker_00' with pid 201
2024-09-19 18:15:24,962 INFO success: laravel-worker_00 entered RUNNING state, process has stayed up for > than 1 seconds (startsecs)
2024-09-19 18:15:24,963 WARN exited: laravel-worker_00 (exit status 1; not expected)
2024-09-19 18:15:25,968 INFO spawned: 'laravel-worker_00' with pid 202
2024-09-19 18:15:27,011 INFO success: laravel-worker_00 entered RUNNING state, process has stayed up for > than 1 seconds (startsecs)
2024-09-19 18:15:27,012 WARN exited: laravel-worker_00 (exit status 1; not expected)
2024-09-19 18:15:28,017 INFO spawned: 'laravel-worker_00' with pid 203
2024-09-19 18:15:29,058 INFO success: laravel-worker_00 entered RUNNING state, process has stayed up for > than 1 seconds (startsecs)
2024-09-19 18:15:29,058 WARN exited: laravel-worker_00 (exit status 1; not expected)
2024-09-19 18:15:30,062 INFO spawned: 'laravel-worker_00' with pid 204
2024-09-19 18:15:31,100 INFO success: laravel-worker_00 entered RUNNING state, process has stayed up for > than 1 seconds (startsecs)
2024-09-19 18:15:31,100 WARN exited: laravel-worker_00 (exit status 1; not expected)
2024-09-19 18:15:32,105 INFO spawned: 'laravel-worker_00' with pid 205
2024-09-19 18:15:33,142 INFO success: laravel-worker_00 entered RUNNING state, process has stayed up for > than 1 seconds (startsecs)
2024-09-19 18:15:33,143 WARN exited: laravel-worker_00 (exit status 1; not expected)
2024-09-19 18:15:34,148 INFO spawned: 'laravel-worker_00' with pid 206
2024-09-19 18:15:35,190 INFO success: laravel-worker_00 entered RUNNING state, process has stayed up for > than 1 seconds (startsecs)
2024-09-19 18:15:35,190 WARN exited: laravel-worker_00 (exit status 1; not expected)
2024-09-19 18:15:36,195 INFO spawned: 'laravel-worker_00' with pid 207
2024-09-19 18:15:37,227 INFO success: laravel-worker_00 entered RUNNING state, process has stayed up for > than 1 seconds (startsecs)
2024-09-19 18:15:37,227 WARN exited: laravel-worker_00 (exit status 1; not expected)
2024-09-19 18:15:38,231 INFO spawned: 'laravel-worker_00' with pid 208
2024-09-19 18:15:39,271 INFO success: laravel-worker_00 entered RUNNING state, process has stayed up for > than 1 seconds (startsecs)
2024-09-19 18:15:39,271 WARN exited: laravel-worker_00 (exit status 1; not expected)
2024-09-19 18:15:40,276 INFO spawned: 'laravel-worker_00' with pid 209
2024-09-19 18:15:41,314 INFO success: laravel-worker_00 entered RUNNING state, process has stayed up for > than 1 seconds (startsecs)
2024-09-19 18:15:41,315 WARN exited: laravel-worker_00 (exit status 1; not expected)
2024-09-19 18:15:42,319 INFO spawned: 'laravel-worker_00' with pid 210
2024-09-19 18:15:43,357 INFO success: laravel-worker_00 entered RUNNING state, process has stayed up for > than 1 seconds (startsecs)
2024-09-19 18:15:43,357 WARN exited: laravel-worker_00 (exit status 1; not expected)
2024-09-19 18:15:44,363 INFO spawned: 'laravel-worker_00' with pid 211
2024-09-19 18:15:45,401 INFO success: laravel-worker_00 entered RUNNING state, process has stayed up for > than 1 seconds (startsecs)
2024-09-19 18:15:45,401 WARN exited: laravel-worker_00 (exit status 1; not expected)
2024-09-19 18:15:46,407 INFO spawned: 'laravel-worker_00' with pid 212
2024-09-19 18:15:47,447 INFO success: laravel-worker_00 entered RUNNING state, process has stayed up for > than 1 seconds (startsecs)
2024-09-19 18:15:47,447 WARN exited: laravel-worker_00 (exit status 1; not expected)
2024-09-19 18:15:48,452 INFO spawned: 'laravel-worker_00' with pid 213
2024-09-19 18:15:49,492 INFO success: laravel-worker_00 entered RUNNING state, process has stayed up for > than 1 seconds (startsecs)
2024-09-19 18:15:49,492 WARN exited: laravel-worker_00 (exit status 1; not expected)
2024-09-19 18:15:50,496 INFO spawned: 'laravel-worker_00' with pid 214
2024-09-19 18:15:51,542 INFO success: laravel-worker_00 entered RUNNING state, process has stayed up for > than 1 seconds (startsecs)
2024-09-19 18:15:51,542 WARN exited: laravel-worker_00 (exit status 1; not expected)
2024-09-19 18:15:52,547 INFO spawned: 'laravel-worker_00' with pid 221
2024-09-19 18:15:53,579 INFO success: laravel-worker_00 entered RUNNING state, process has stayed up for > than 1 seconds (startsecs)
2024-09-19 18:15:53,580 WARN exited: laravel-worker_00 (exit status 1; not expected)
2024-09-19 18:15:54,583 INFO spawned: 'laravel-worker_00' with pid 222
2024-09-19 18:15:55,619 INFO success: laravel-worker_00 entered RUNNING state, process has stayed up for > than 1 seconds (startsecs)
2024-09-19 18:15:55,619 WARN exited: laravel-worker_00 (exit status 1; not expected)
2024-09-19 18:15:56,624 INFO spawned: 'laravel-worker_00' with pid 223
2024-09-19 18:15:57,664 INFO success: laravel-worker_00 entered RUNNING state, process has stayed up for > than 1 seconds (startsecs)
2024-09-19 18:15:57,665 WARN exited: laravel-worker_00 (exit status 1; not expected)
2024-09-19 18:15:58,671 INFO spawned: 'laravel-worker_00' with pid 224
2024-09-19 18:15:59,709 INFO success: laravel-worker_00 entered RUNNING state, process has stayed up for > than 1 seconds (startsecs)
2024-09-19 18:15:59,710 WARN exited: laravel-worker_00 (exit status 1; not expected)
2024-09-19 18:16:00,713 INFO spawned: 'laravel-worker_00' with pid 225
2024-09-19 18:16:01,751 INFO success: laravel-worker_00 entered RUNNING state, process has stayed up for > than 1 seconds (startsecs)
2024-09-19 18:16:01,751 WARN exited: laravel-worker_00 (exit status 1; not expected)
2024-09-19 18:16:02,756 INFO spawned: 'laravel-worker_00' with pid 226
2024-09-19 18:16:03,795 INFO success: laravel-worker_00 entered RUNNING state, process has stayed up for > than 1 seconds (startsecs)
2024-09-19 18:16:03,795 WARN exited: laravel-worker_00 (exit status 1; not expected)
2024-09-19 18:16:04,800 INFO spawned: 'laravel-worker_00' with pid 227
2024-09-19 18:16:05,839 INFO success: laravel-worker_00 entered RUNNING state, process has stayed up for > than 1 seconds (startsecs)
2024-09-19 18:16:05,839 WARN exited: laravel-worker_00 (exit status 1; not expected)
2024-09-19 18:16:06,841 INFO spawned: 'laravel-worker_00' with pid 228
2024-09-19 18:16:07,885 INFO success: laravel-worker_00 entered RUNNING state, process has stayed up for > than 1 seconds (startsecs)
2024-09-19 18:16:07,885 WARN exited: laravel-worker_00 (exit status 1; not expected)
2024-09-19 18:16:08,889 INFO spawned: 'laravel-worker_00' with pid 229
2024-09-19 18:16:09,930 INFO success: laravel-worker_00 entered RUNNING state, process has stayed up for > than 1 seconds (startsecs)
2024-09-19 18:16:09,931 WARN exited: laravel-worker_00 (exit status 1; not expected)
2024-09-19 18:16:10,936 INFO spawned: 'laravel-worker_00' with pid 230
2024-09-19 18:16:11,979 INFO success: laravel-worker_00 entered RUNNING state, process has stayed up for > than 1 seconds (startsecs)
2024-09-19 18:16:11,979 WARN exited: laravel-worker_00 (exit status 1; not expected)
2024-09-19 18:16:12,984 INFO spawned: 'laravel-worker_00' with pid 231
2024-09-19 18:16:14,028 INFO success: laravel-worker_00 entered RUNNING state, process has stayed up for > than 1 seconds (startsecs)
2024-09-19 18:16:14,028 WARN exited: laravel-worker_00 (exit status 1; not expected)
2024-09-19 18:16:15,032 INFO spawned: 'laravel-worker_00' with pid 232
2024-09-19 18:16:16,071 INFO success: laravel-worker_00 entered RUNNING state, process has stayed up for > than 1 seconds (startsecs)
2024-09-19 18:16:16,072 WARN exited: laravel-worker_00 (exit status 1; not expected)
2024-09-19 18:16:17,077 INFO spawned: 'laravel-worker_00' with pid 233
2024-09-19 18:16:18,115 INFO success: laravel-worker_00 entered RUNNING state, process has stayed up for > than 1 seconds (startsecs)
2024-09-19 18:16:18,116 WARN exited: laravel-worker_00 (exit status 1; not expected)
2024-09-19 18:16:19,119 INFO spawned: 'laravel-worker_00' with pid 234
2024-09-19 18:16:20,159 INFO success: laravel-worker_00 entered RUNNING state, process has stayed up for > than 1 seconds (startsecs)
2024-09-19 18:16:20,159 WARN exited: laravel-worker_00 (exit status 1; not expected)
2024-09-19 18:16:21,163 INFO spawned: 'laravel-worker_00' with pid 235
2024-09-19 18:16:22,201 INFO success: laravel-worker_00 entered RUNNING state, process has stayed up for > than 1 seconds (startsecs)
2024-09-19 18:16:22,201 WARN exited: laravel-worker_00 (exit status 1; not expected)
2024-09-19 18:16:23,205 INFO spawned: 'laravel-worker_00' with pid 242
2024-09-19 18:16:24,244 INFO success: laravel-worker_00 entered RUNNING state, process has stayed up for > than 1 seconds (startsecs)
2024-09-19 18:16:24,244 WARN exited: laravel-worker_00 (exit status 1; not expected)
2024-09-19 18:16:25,248 INFO spawned: 'laravel-worker_00' with pid 243
2024-09-19 18:16:26,279 INFO success: laravel-worker_00 entered RUNNING state, process has stayed up for > than 1 seconds (startsecs)
2024-09-19 18:16:26,279 WARN exited: laravel-worker_00 (exit status 1; not expected)
2024-09-19 18:16:27,284 INFO spawned: 'laravel-worker_00' with pid 244
2024-09-19 18:16:28,325 INFO success: laravel-worker_00 entered RUNNING state, process has stayed up for > than 1 seconds (startsecs)
2024-09-19 18:16:28,325 WARN exited: laravel-worker_00 (exit status 1; not expected)
2024-09-19 18:16:29,328 INFO spawned: 'laravel-worker_00' with pid 245
2024-09-19 18:16:30,361 INFO success: laravel-worker_00 entered RUNNING state, process has stayed up for > than 1 seconds (startsecs)
2024-09-19 18:16:30,361 WARN exited: laravel-worker_00 (exit status 1; not expected)
2024-09-19 18:16:31,366 INFO spawned: 'laravel-worker_00' with pid 246
2024-09-19 18:16:32,404 INFO success: laravel-worker_00 entered RUNNING state, process has stayed up for > than 1 seconds (startsecs)
2024-09-19 18:16:32,404 WARN exited: laravel-worker_00 (exit status 1; not expected)
2024-09-19 18:16:33,407 INFO spawned: 'laravel-worker_00' with pid 247
2024-09-19 18:16:34,448 INFO success: laravel-worker_00 entered RUNNING state, process has stayed up for > than 1 seconds (startsecs)
2024-09-19 18:16:34,448 WARN exited: laravel-worker_00 (exit status 1; not expected)
2024-09-19 18:16:35,452 INFO spawned: 'laravel-worker_00' with pid 248
2024-09-19 18:16:36,492 INFO success: laravel-worker_00 entered RUNNING state, process has stayed up for > than 1 seconds (startsecs)
2024-09-19 18:16:36,492 WARN exited: laravel-worker_00 (exit status 1; not expected)
2024-09-19 18:16:37,495 INFO spawned: 'laravel-worker_00' with pid 249
2024-09-19 18:16:38,527 INFO success: laravel-worker_00 entered RUNNING state, process has stayed up for > than 1 seconds (startsecs)
2024-09-19 18:16:38,527 WARN exited: laravel-worker_00 (exit status 1; not expected)
2024-09-19 18:16:39,531 INFO spawned: 'laravel-worker_00' with pid 250
2024-09-19 18:16:40,574 INFO success: laravel-worker_00 entered RUNNING state, process has stayed up for > than 1 seconds (startsecs)
2024-09-19 18:16:40,575 WARN exited: laravel-worker_00 (exit status 1; not expected)
2024-09-19 18:16:41,579 INFO spawned: 'laravel-worker_00' with pid 251
2024-09-19 18:16:42,619 INFO success: laravel-worker_00 entered RUNNING state, process has stayed up for > than 1 seconds (startsecs)
2024-09-19 18:16:42,620 WARN exited: laravel-worker_00 (exit status 1; not expected)
2024-09-19 18:16:43,627 INFO spawned: 'laravel-worker_00' with pid 252
2024-09-19 18:16:44,667 INFO success: laravel-worker_00 entered RUNNING state, process has stayed up for > than 1 seconds (startsecs)
2024-09-19 18:16:44,667 WARN exited: laravel-worker_00 (exit status 1; not expected)
2024-09-19 18:16:45,669 INFO spawned: 'laravel-worker_00' with pid 253
2024-09-19 18:16:46,709 INFO success: laravel-worker_00 entered RUNNING state, process has stayed up for > than 1 seconds (startsecs)
2024-09-19 18:16:46,709 WARN exited: laravel-worker_00 (exit status 1; not expected)
2024-09-19 18:16:47,713 INFO spawned: 'laravel-worker_00' with pid 254
2024-09-19 18:16:48,752 INFO success: laravel-worker_00 entered RUNNING state, process has stayed up for > than 1 seconds (startsecs)
2024-09-19 18:16:48,752 WARN exited: laravel-worker_00 (exit status 1; not expected)
2024-09-19 18:16:49,756 INFO spawned: 'laravel-worker_00' with pid 255
2024-09-19 18:16:50,799 INFO success: laravel-worker_00 entered RUNNING state, process has stayed up for > than 1 seconds (startsecs)
2024-09-19 18:16:50,799 WARN exited: laravel-worker_00 (exit status 1; not expected)
2024-09-19 18:16:51,803 INFO spawned: 'laravel-worker_00' with pid 262
2024-09-19 18:16:52,842 INFO success: laravel-worker_00 entered RUNNING state, process has stayed up for > than 1 seconds (startsecs)
2024-09-19 18:16:52,842 WARN exited: laravel-worker_00 (exit status 1; not expected)
2024-09-19 18:16:53,848 INFO spawned: 'laravel-worker_00' with pid 263
2024-09-19 18:16:54,886 INFO success: laravel-worker_00 entered RUNNING state, process has stayed up for > than 1 seconds (startsecs)
2024-09-19 18:16:54,886 WARN exited: laravel-worker_00 (exit status 1; not expected)
2024-09-19 18:16:55,890 INFO spawned: 'laravel-worker_00' with pid 264
2024-09-19 18:16:56,927 INFO success: laravel-worker_00 entered RUNNING state, process has stayed up for > than 1 seconds (startsecs)
2024-09-19 18:16:56,927 WARN exited: laravel-worker_00 (exit status 1; not expected)
2024-09-19 18:16:57,934 INFO spawned: 'laravel-worker_00' with pid 265
2024-09-19 18:16:58,966 INFO success: laravel-worker_00 entered RUNNING state, process has stayed up for > than 1 seconds (startsecs)
2024-09-19 18:16:58,966 WARN exited: laravel-worker_00 (exit status 1; not expected)
2024-09-19 18:16:59,970 INFO spawned: 'laravel-worker_00' with pid 266
2024-09-19 18:17:01,006 INFO success: laravel-worker_00 entered RUNNING state, process has stayed up for > than 1 seconds (startsecs)
2024-09-19 18:17:01,006 WARN exited: laravel-worker_00 (exit status 1; not expected)
2024-09-19 18:17:02,011 INFO spawned: 'laravel-worker_00' with pid 267
2024-09-19 18:17:03,054 INFO success: laravel-worker_00 entered RUNNING state, process has stayed up for > than 1 seconds (startsecs)
2024-09-19 18:17:03,054 WARN exited: laravel-worker_00 (exit status 1; not expected)
2024-09-19 18:17:04,060 INFO spawned: 'laravel-worker_00' with pid 268
2024-09-19 18:17:05,106 INFO success: laravel-worker_00 entered RUNNING state, process has stayed up for > than 1 seconds (startsecs)
2024-09-19 18:17:05,106 WARN exited: laravel-worker_00 (exit status 1; not expected)
2024-09-19 18:17:06,110 INFO spawned: 'laravel-worker_00' with pid 269
2024-09-19 18:17:07,152 INFO success: laravel-worker_00 entered RUNNING state, process has stayed up for > than 1 seconds (startsecs)
2024-09-19 18:17:07,153 WARN exited: laravel-worker_00 (exit status 1; not expected)
2024-09-19 18:17:08,157 INFO spawned: 'laravel-worker_00' with pid 270
2024-09-19 18:17:09,200 INFO success: laravel-worker_00 entered RUNNING state, process has stayed up for > than 1 seconds (startsecs)
2024-09-19 18:17:09,200 WARN exited: laravel-worker_00 (exit status 1; not expected)
2024-09-19 18:17:10,206 INFO spawned: 'laravel-worker_00' with pid 271
2024-09-19 18:17:11,245 INFO success: laravel-worker_00 entered RUNNING state, process has stayed up for > than 1 seconds (startsecs)
2024-09-19 18:17:11,245 WARN exited: laravel-worker_00 (exit status 1; not expected)
2024-09-19 18:17:12,248 INFO spawned: 'laravel-worker_00' with pid 272
2024-09-19 18:17:13,287 INFO success: laravel-worker_00 entered RUNNING state, process has stayed up for > than 1 seconds (startsecs)
2024-09-19 18:17:13,287 WARN exited: laravel-worker_00 (exit status 1; not expected)
2024-09-19 18:17:14,293 INFO spawned: 'laravel-worker_00' with pid 273
2024-09-19 18:17:15,330 INFO success: laravel-worker_00 entered RUNNING state, process has stayed up for > than 1 seconds (startsecs)
2024-09-19 18:17:15,330 WARN exited: laravel-worker_00 (exit status 1; not expected)
2024-09-19 18:17:16,335 INFO spawned: 'laravel-worker_00' with pid 274
2024-09-19 18:17:17,375 INFO success: laravel-worker_00 entered RUNNING state, process has stayed up for > than 1 seconds (startsecs)
2024-09-19 18:17:17,375 WARN exited: laravel-worker_00 (exit status 1; not expected)
2024-09-19 18:17:18,379 INFO spawned: 'laravel-worker_00' with pid 275
2024-09-19 18:17:19,417 INFO success: laravel-worker_00 entered RUNNING state, process has stayed up for > than 1 seconds (startsecs)
2024-09-19 18:17:19,417 WARN exited: laravel-worker_00 (exit status 1; not expected)
2024-09-19 18:17:20,422 INFO spawned: 'laravel-worker_00' with pid 276
2024-09-19 18:17:21,461 INFO success: laravel-worker_00 entered RUNNING state, process has stayed up for > than 1 seconds (startsecs)
2024-09-19 18:17:21,462 WARN exited: laravel-worker_00 (exit status 1; not expected)
2024-09-19 18:17:22,468 INFO spawned: 'laravel-worker_00' with pid 283
2024-09-19 18:17:23,506 INFO success: laravel-worker_00 entered RUNNING state, process has stayed up for > than 1 seconds (startsecs)
2024-09-19 18:17:23,506 WARN exited: laravel-worker_00 (exit status 1; not expected)
2024-09-19 18:17:24,511 INFO spawned: 'laravel-worker_00' with pid 284
2024-09-19 18:17:25,549 INFO success: laravel-worker_00 entered RUNNING state, process has stayed up for > than 1 seconds (startsecs)
2024-09-19 18:17:25,549 WARN exited: laravel-worker_00 (exit status 1; not expected)
2024-09-19 18:17:26,553 INFO spawned: 'laravel-worker_00' with pid 285
2024-09-19 18:17:27,591 INFO success: laravel-worker_00 entered RUNNING state, process has stayed up for > than 1 seconds (startsecs)
2024-09-19 18:17:27,592 WARN exited: laravel-worker_00 (exit status 1; not expected)
2024-09-19 18:17:28,597 INFO spawned: 'laravel-worker_00' with pid 286
2024-09-19 18:17:29,635 INFO success: laravel-worker_00 entered RUNNING state, process has stayed up for > than 1 seconds (startsecs)
2024-09-19 18:17:29,635 WARN exited: laravel-worker_00 (exit status 1; not expected)
2024-09-19 18:17:30,639 INFO spawned: 'laravel-worker_00' with pid 287
2024-09-19 18:17:31,682 INFO success: laravel-worker_00 entered RUNNING state, process has stayed up for > than 1 seconds (startsecs)
2024-09-19 18:17:31,682 WARN exited: laravel-worker_00 (exit status 1; not expected)
2024-09-19 18:17:32,688 INFO spawned: 'laravel-worker_00' with pid 288
2024-09-19 18:17:33,728 INFO success: laravel-worker_00 entered RUNNING state, process has stayed up for > than 1 seconds (startsecs)
2024-09-19 18:17:33,728 WARN exited: laravel-worker_00 (exit status 1; not expected)
2024-09-19 18:17:34,732 INFO spawned: 'laravel-worker_00' with pid 289
2024-09-19 18:17:35,772 INFO success: laravel-worker_00 entered RUNNING state, process has stayed up for > than 1 seconds (startsecs)
2024-09-19 18:17:35,772 WARN exited: laravel-worker_00 (exit status 1; not expected)
2024-09-19 18:17:36,776 INFO spawned: 'laravel-worker_00' with pid 290
2024-09-19 18:17:37,820 INFO success: laravel-worker_00 entered RUNNING state, process has stayed up for > than 1 seconds (startsecs)
2024-09-19 18:17:37,821 WARN exited: laravel-worker_00 (exit status 1; not expected)
2024-09-19 18:17:38,825 INFO spawned: 'laravel-worker_00' with pid 291
2024-09-19 18:17:39,872 INFO success: laravel-worker_00 entered RUNNING state, process has stayed up for > than 1 seconds (startsecs)
2024-09-19 18:17:39,872 WARN exited: laravel-worker_00 (exit status 1; not expected)
2024-09-19 18:17:40,875 INFO spawned: 'laravel-worker_00' with pid 292
2024-09-19 18:17:41,907 INFO success: laravel-worker_00 entered RUNNING state, process has stayed up for > than 1 seconds (startsecs)
2024-09-19 18:17:41,908 WARN exited: laravel-worker_00 (exit status 1; not expected)
2024-09-19 18:17:42,912 INFO spawned: 'laravel-worker_00' with pid 293
